<?xml version="1.0" encoding="UTF-8"?>
<!-- Generated by org.testng.reporters.JUnitReportReporter -->
<testsuite hostname="DESKTOP-FA6H9TL" failures="0" tests="1" name="testscript.CustomerModule" time="0.015" errors="0" timestamp="2023-12-17T11:16:04 IST" skipped="0">
  <testcase classname="testscript.CustomerModule" name="createCustomer" time="0.015"/>
  <system-out>
    <![CDATA[createCustomer]]>
  </system-out>
</testsuite> <!-- testscript.CustomerModule -->
